


ARM Macro Assembler    Page 1 


    1 00000000         ;/******************************************************
                       ********************//**
    2 00000000         ; * @file     startup_LPC17xx.s
    3 00000000         ; * @brief    CMSIS Cortex-M3 Core Device Startup File f
                       or
    4 00000000         ; *           NXP LPC17xx Device Series
    5 00000000         ; * @version  V1.10
    6 00000000         ; * @date     06. April 2011
    7 00000000         ; *
    8 00000000         ; * @note
    9 00000000         ; * Copyright (C) 2009-2011 ARM Limited. All rights rese
                       rved.
   10 00000000         ; *
   11 00000000         ; * @par
   12 00000000         ; * ARM Limited (ARM) is supplying this software for use
                        with Cortex-M
   13 00000000         ; * processor based microcontrollers.  This file can be 
                       freely distributed
   14 00000000         ; * within development tools that are supporting such AR
                       M based processors.
   15 00000000         ; *
   16 00000000         ; * @par
   17 00000000         ; * THIS SOFTWARE IS PROVIDED "AS IS".  NO WARRANTIES, W
                       HETHER EXPRESS, IMPLIED
   18 00000000         ; * OR STATUTORY, INCLUDING, BUT NOT LIMITED TO, IMPLIED
                        WARRANTIES OF
   19 00000000         ; * MERCHANTABILITY AND FITNESS FOR A PARTICULAR PURPOSE
                        APPLY TO THIS SOFTWARE.
   20 00000000         ; * ARM SHALL NOT, IN ANY CIRCUMSTANCES, BE LIABLE FOR S
                       PECIAL, INCIDENTAL, OR
   21 00000000         ; * CONSEQUENTIAL DAMAGES, FOR ANY REASON WHATSOEVER.
   22 00000000         ; *
   23 00000000         ; ******************************************************
                       ************************/
   24 00000000         
   25 00000000         ; *------- <<< Use Configuration Wizard in Context Menu 
                       >>> ------------------
   26 00000000         
   27 00000000         ; <h> Stack Configuration
   28 00000000         ;   <o> Stack Size (in Bytes) <0x0-0xFFFFFFFF:8>
   29 00000000         ; </h>
   30 00000000         
   31 00000000 00000200 
                       Stack_Size
                               EQU              0x00000200
   32 00000000         
   33 00000000                 AREA             STACK, NOINIT, READWRITE, ALIGN
=3
   34 00000000         Stack_Mem
                               SPACE            Stack_Size
   35 00000200         __initial_sp
   36 00000200         
   37 00000200         
   38 00000200         ; <h> Heap Configuration
   39 00000200         ;   <o>  Heap Size (in Bytes) <0x0-0xFFFFFFFF:8>
   40 00000200         ; </h>
   41 00000200         
   42 00000200 00000000 
                       Heap_Size



ARM Macro Assembler    Page 2 


                               EQU              0x00000000
   43 00000200         
   44 00000200                 AREA             HEAP, NOINIT, READWRITE, ALIGN=
3
   45 00000000         __heap_base
   46 00000000         Heap_Mem
                               SPACE            Heap_Size
   47 00000000         
   48 00000000         Calories_Ordered
                               SPACE            24
   49 00000018         Qty_Ordered
                               SPACE            24
   50 00000030         
   51 00000030         TMP_1   SPACE            48
   52 00000060         TMP_2   SPACE            48
   53 00000090         __heap_limit
   54 00000090         
   55 00000090         
   56 00000090                 PRESERVE8
   57 00000090                 THUMB
   58 00000090         
   59 00000090         
   60 00000090         ; Vector Table Mapped to Address 0 at Reset
   61 00000090         
   62 00000090                 AREA             RESET, DATA, READONLY
   63 00000000                 EXPORT           __Vectors
   64 00000000         
   65 00000000 00000000 
                       __Vectors
                               DCD              __initial_sp ; Top of Stack
   66 00000004 00000000        DCD              Reset_Handler ; Reset Handler
   67 00000008 00000000        DCD              NMI_Handler ; NMI Handler
   68 0000000C 00000000        DCD              HardFault_Handler ; Hard Fault 
                                                            Handler
   69 00000010 00000000        DCD              MemManage_Handler 
                                                            ; MPU Fault Handler
                                                            
   70 00000014 00000000        DCD              BusFault_Handler 
                                                            ; Bus Fault Handler
                                                            
   71 00000018 00000000        DCD              UsageFault_Handler ; Usage Faul
                                                            t Handler
   72 0000001C 00000000        DCD              0           ; Reserved
   73 00000020 00000000        DCD              0           ; Reserved
   74 00000024 00000000        DCD              0           ; Reserved
   75 00000028 00000000        DCD              0           ; Reserved
   76 0000002C 00000000        DCD              SVC_Handler ; SVCall Handler
   77 00000030 00000000        DCD              DebugMon_Handler ; Debug Monito
                                                            r Handler
   78 00000034 00000000        DCD              0           ; Reserved
   79 00000038 00000000        DCD              PendSV_Handler ; PendSV Handler
                                                            
   80 0000003C 00000000        DCD              SysTick_Handler 
                                                            ; SysTick Handler
   81 00000040         
   82 00000040         ; External Interrupts
   83 00000040 00000000        DCD              WDT_IRQHandler ; 16: Watchdog T
                                                            imer
   84 00000044 00000000        DCD              TIMER0_IRQHandler ; 17: Timer0



ARM Macro Assembler    Page 3 


   85 00000048 00000000        DCD              TIMER1_IRQHandler ; 18: Timer1
   86 0000004C 00000000        DCD              TIMER2_IRQHandler ; 19: Timer2
   87 00000050 00000000        DCD              TIMER3_IRQHandler ; 20: Timer3
   88 00000054 00000000        DCD              UART0_IRQHandler ; 21: UART0
   89 00000058 00000000        DCD              UART1_IRQHandler ; 22: UART1
   90 0000005C 00000000        DCD              UART2_IRQHandler ; 23: UART2
   91 00000060 00000000        DCD              UART3_IRQHandler ; 24: UART3
   92 00000064 00000000        DCD              PWM1_IRQHandler ; 25: PWM1
   93 00000068 00000000        DCD              I2C0_IRQHandler ; 26: I2C0
   94 0000006C 00000000        DCD              I2C1_IRQHandler ; 27: I2C1
   95 00000070 00000000        DCD              I2C2_IRQHandler ; 28: I2C2
   96 00000074 00000000        DCD              SPI_IRQHandler ; 29: SPI
   97 00000078 00000000        DCD              SSP0_IRQHandler ; 30: SSP0
   98 0000007C 00000000        DCD              SSP1_IRQHandler ; 31: SSP1
   99 00000080 00000000        DCD              PLL0_IRQHandler ; 32: PLL0 Lock
                                                             (Main PLL)
  100 00000084 00000000        DCD              RTC_IRQHandler ; 33: Real Time 
                                                            Clock
  101 00000088 00000000        DCD              EINT0_IRQHandler ; 34: External
                                                             Interrupt 0
  102 0000008C 00000000        DCD              EINT1_IRQHandler ; 35: External
                                                             Interrupt 1
  103 00000090 00000000        DCD              EINT2_IRQHandler ; 36: External
                                                             Interrupt 2
  104 00000094 00000000        DCD              EINT3_IRQHandler ; 37: External
                                                             Interrupt 3
  105 00000098 00000000        DCD              ADC_IRQHandler 
                                                            ; 38: A/D Converter
                                                            
  106 0000009C 00000000        DCD              BOD_IRQHandler ; 39: Brown-Out 
                                                            Detect
  107 000000A0 00000000        DCD              USB_IRQHandler ; 40: USB
  108 000000A4 00000000        DCD              CAN_IRQHandler ; 41: CAN
  109 000000A8 00000000        DCD              DMA_IRQHandler ; 42: General Pu
                                                            rpose DMA
  110 000000AC 00000000        DCD              I2S_IRQHandler ; 43: I2S
  111 000000B0 00000000        DCD              ENET_IRQHandler ; 44: Ethernet
  112 000000B4 00000000        DCD              RIT_IRQHandler ; 45: Repetitive
                                                             Interrupt Timer
  113 000000B8 00000000        DCD              MCPWM_IRQHandler ; 46: Motor Co
                                                            ntrol PWM
  114 000000BC 00000000        DCD              QEI_IRQHandler ; 47: Quadrature
                                                             Encoder Interface
  115 000000C0 00000000        DCD              PLL1_IRQHandler ; 48: PLL1 Lock
                                                             (USB PLL)
  116 000000C4 00000000        DCD              USBActivity_IRQHandler ; 49: US
                                                            B Activity interrup
                                                            t to wakeup
  117 000000C8 00000000        DCD              CANActivity_IRQHandler ; 50: CA
                                                            N Activity interrup
                                                            t to wakeup
  118 000000CC         
  119 000000CC         
  120 000000CC                 IF               :LNOT::DEF:NO_CRP
  121 000000CC                 AREA             |.ARM.__at_0x02FC|, CODE, READO
NLY
  122 00000000 FFFFFFFF 
                       CRP_Key DCD              0xFFFFFFFF
  123 00000004                 ENDIF



ARM Macro Assembler    Page 4 


  124 00000004         
  125 00000004         
  126 00000004                 AREA             |.text|, CODE, READONLY, align=
3
  127 00000000         
  128 00000000         
  129 00000000         ; Reset Handler
  130 00000000         
  131 00000000         Reset_Handler
                               PROC
  132 00000000                 EXPORT           Reset_Handler             [WEAK
]
  133 00000000 4880            LDR              R0, =Reset_Handler
  134 00000002         
  135 00000002         
  136 00000002 4981            LDR              R1, =Ingredient_Calories
  137 00000004 4A81            LDR              R2, =Ingredient_Qty
  138 00000006 4B82            LDR              R3, =Calories_Ordered
  139 00000008 4C82            LDR              R4, =Qty_Ordered
  140 0000000A 4D83            LDR              R5, =TMP_1
  141 0000000C F8DF B20C       LDR              R11, =TMP_2
  142 00000010         
  143 00000010         COPY_INGERDIENT_CALORIES
  144 00000010         
  145 00000010 680E            LDR              R6, [R1]
  146 00000012 602E            STR              R6, [R5]
  147 00000014 F105 0504       ADD              R5, R5, #4
  148 00000018 F101 0104       ADD              R1, R1, #4
  149 0000001C F107 0701       ADD              R7, R7, #1
  150 00000020 2F0C            CMP              R7, #12
  151 00000022 D1F5            BNE              COPY_INGERDIENT_CALORIES
  152 00000024         
  153 00000024 EBA7 0707       SUB              R7, R7, R7
  154 00000028 EBA6 0606       SUB              R6, R6, R6
  155 0000002C 4D7A            LDR              R5, =TMP_1
  156 0000002E         
  157 0000002E         
  158 0000002E         LOOP_1_CALORIES
  159 0000002E         
  160 0000002E         ;ADD R6, R6, #1
  161 0000002E EB05 05C6       ADD              R5, R5, R6, LSL #3
  162 00000032 F105 0504       ADD              R5, R5, #4
  163 00000036 682F            LDR              R7, [R5]
  164 00000038 4D77            LDR              R5, =TMP_1
  165 0000003A         
  166 0000003A         LOOP_2_CALORIES
  167 0000003A         
  168 0000003A EB05 05C9       ADD              R5, R5, R9, LSL #3
  169 0000003E F105 0504       ADD              R5, R5, #4
  170 00000042 F8D5 8000       LDR              R8, [R5]
  171 00000046 4547            CMP              R7, R8
  172 00000048 DB55            BLT              SWITCH_CALORIES
  173 0000004A         
  174 0000004A         NEXT_CALORIES
  175 0000004A F109 0901       ADD              R9, R9, #1
  176 0000004E 4D72            LDR              R5, =TMP_1
  177 00000050 F1B9 0F06       CMP              R9, #6
  178 00000054 D1F1            BNE              LOOP_2_CALORIES
  179 00000056         



ARM Macro Assembler    Page 5 


  180 00000056 F106 0601       ADD              R6, R6, #1
  181 0000005A F106 0900       ADD              R9, R6, #0
  182 0000005E 2E06            CMP              R6, #6
  183 00000060 D1E5            BNE              LOOP_1_CALORIES
  184 00000062         
  185 00000062 EBA7 0707       SUB              R7, R7, R7
  186 00000066 4D6C            LDR              R5, =TMP_1
  187 00000068         
  188 00000068         COPY_INGERDIENT_CALORIES_INTO_CALORIES_ORDERED
  189 00000068         
  190 00000068 682E            LDR              R6, [R5]
  191 0000006A 601E            STR              R6, [R3]
  192 0000006C F103 0304       ADD              R3, R3, #4
  193 00000070 F105 0508       ADD              R5, R5, #8
  194 00000074 F107 0701       ADD              R7, R7, #1
  195 00000078 2F06            CMP              R7, #6
  196 0000007A D1F5            BNE              COPY_INGERDIENT_CALORIES_INTO_C
ALORIES_ORDERED
  197 0000007C         
  198 0000007C         
  199 0000007C         ; ORDER QTY
  200 0000007C         
  201 0000007C EBA7 0707       SUB              R7, R7, R7
  202 00000080 EBA6 0606       SUB              R6, R6, R6
  203 00000084 EBA9 0909       SUB              R9, R9, R9
  204 00000088         
  205 00000088         
  206 00000088         
  207 00000088         
  208 00000088         COPY_INGERDIENT_QUANTITY
  209 00000088         
  210 00000088 6816            LDR              R6, [R2]
  211 0000008A 602E            STR              R6, [R5]
  212 0000008C F105 0504       ADD              R5, R5, #4
  213 00000090 F102 0204       ADD              R2, R2, #4
  214 00000094 F107 0701       ADD              R7, R7, #1
  215 00000098 2F0C            CMP              R7, #12
  216 0000009A D1F5            BNE              COPY_INGERDIENT_QUANTITY
  217 0000009C         
  218 0000009C EBA7 0707       SUB              R7, R7, R7
  219 000000A0 EBA6 0606       SUB              R6, R6, R6
  220 000000A4 4D5D            LDR              R5, =TMP_2
  221 000000A6         
  222 000000A6         
  223 000000A6         LOOP_1_QTY
  224 000000A6         
  225 000000A6         ;ADD R6, R6, #1
  226 000000A6 EB05 05C6       ADD              R5, R5, R6, LSL #3
  227 000000AA F105 0504       ADD              R5, R5, #4
  228 000000AE 682F            LDR              R7, [R5]
  229 000000B0 4D5A            LDR              R5, =TMP_2
  230 000000B2         
  231 000000B2         LOOP_2_QTY
  232 000000B2         
  233 000000B2 EB05 05C9       ADD              R5, R5, R9, LSL #3
  234 000000B6 F105 0504       ADD              R5, R5, #4
  235 000000BA F8D5 8000       LDR              R8, [R5]
  236 000000BE 4547            CMP              R7, R8
  237 000000C0 DB3F            BLT              SWITCH_QTY



ARM Macro Assembler    Page 6 


  238 000000C2         
  239 000000C2         NEXT_QTY
  240 000000C2 F109 0901       ADD              R9, R9, #1
  241 000000C6 4D55            LDR              R5, =TMP_2
  242 000000C8 F1B9 0F06       CMP              R9, #6
  243 000000CC D1F1            BNE              LOOP_2_QTY
  244 000000CE         
  245 000000CE F106 0601       ADD              R6, R6, #1
  246 000000D2 F106 0900       ADD              R9, R6, #0
  247 000000D6 2E06            CMP              R6, #6
  248 000000D8 D1E5            BNE              LOOP_1_QTY
  249 000000DA         
  250 000000DA EBA7 0707       SUB              R7, R7, R7
  251 000000DE 4D4F            LDR              R5, =TMP_2
  252 000000E0         
  253 000000E0         COPY_INGERDIENT_QTY_INTO_CALORIES_ORDERED
  254 000000E0         
  255 000000E0 682E            LDR              R6, [R5]
  256 000000E2 6026            STR              R6, [R4]
  257 000000E4 F104 0404       ADD              R4, R4, #4
  258 000000E8 F105 0508       ADD              R5, R5, #8
  259 000000EC F107 0701       ADD              R7, R7, #1
  260 000000F0 2F06            CMP              R7, #6
  261 000000F2 D1F5            BNE              COPY_INGERDIENT_QTY_INTO_CALORI
ES_ORDERED
  262 000000F4         
  263 000000F4         
  264 000000F4         
  265 000000F4         
  266 000000F4         
  267 000000F4         
  268 000000F4         
  269 000000F4 4700            BX               R0
  270 000000F6         
  271 000000F6         SWITCH_CALORIES
  272 000000F6 4D48            LDR              R5, =TMP_1
  273 000000F8 EB05 05C6       ADD              R5, R5, R6, LSL #3
  274 000000FC F105 0504       ADD              R5, R5, #4
  275 00000100 F8C5 8000       STR              R8, [R5]
  276 00000104 4D44            LDR              R5, =TMP_1
  277 00000106 EB05 05C9       ADD              R5, R5, R9, LSL #3
  278 0000010A F105 0504       ADD              R5, R5, #4
  279 0000010E 602F            STR              R7, [R5]
  280 00000110 4D41            LDR              R5, =TMP_1
  281 00000112 EB05 05C6       ADD              R5, R5, R6, LSL #3
  282 00000116 682F            LDR              R7, [R5]
  283 00000118 4D3F            LDR              R5, =TMP_1
  284 0000011A EB05 05C9       ADD              R5, R5, R9, LSL #3
  285 0000011E F8D5 8000       LDR              R8, [R5]
  286 00000122 4D3D            LDR              R5, =TMP_1
  287 00000124 EB05 05C6       ADD              R5, R5, R6, LSL #3
  288 00000128 F8C5 8000       STR              R8, [R5]
  289 0000012C 4D3A            LDR              R5, =TMP_1
  290 0000012E EB05 05C9       ADD              R5, R5, R9, LSL #3
  291 00000132 602F            STR              R7, [R5]
  292 00000134 4D38            LDR              R5, =TMP_1
  293 00000136 EB05 05C6       ADD              R5, R5, R6, LSL #3
  294 0000013A F105 0504       ADD              R5, R5, #4
  295 0000013E 682F            LDR              R7, [R5]



ARM Macro Assembler    Page 7 


  296 00000140 E783            B                NEXT_CALORIES
  297 00000142         
  298 00000142         
  299 00000142         
  300 00000142         
  301 00000142         SWITCH_QTY
  302 00000142 4D36            LDR              R5, =TMP_2
  303 00000144 EB05 05C6       ADD              R5, R5, R6, LSL #3
  304 00000148 F105 0504       ADD              R5, R5, #4
  305 0000014C F8C5 8000       STR              R8, [R5]
  306 00000150 4D32            LDR              R5, =TMP_2
  307 00000152 EB05 05C9       ADD              R5, R5, R9, LSL #3
  308 00000156 F105 0504       ADD              R5, R5, #4
  309 0000015A 602F            STR              R7, [R5]
  310 0000015C 4D2F            LDR              R5, =TMP_2
  311 0000015E EB05 05C6       ADD              R5, R5, R6, LSL #3
  312 00000162 682F            LDR              R7, [R5]
  313 00000164 4D2D            LDR              R5, =TMP_2
  314 00000166 EB05 05C9       ADD              R5, R5, R9, LSL #3
  315 0000016A F8D5 8000       LDR              R8, [R5]
  316 0000016E 4D2B            LDR              R5, =TMP_2
  317 00000170 EB05 05C6       ADD              R5, R5, R6, LSL #3
  318 00000174 F8C5 8000       STR              R8, [R5]
  319 00000178 4D28            LDR              R5, =TMP_2
  320 0000017A EB05 05C9       ADD              R5, R5, R9, LSL #3
  321 0000017E 602F            STR              R7, [R5]
  322 00000180 4D26            LDR              R5, =TMP_2
  323 00000182 EB05 05C6       ADD              R5, R5, R6, LSL #3
  324 00000186 F105 0504       ADD              R5, R5, #4
  325 0000018A 682F            LDR              R7, [R5]
  326 0000018C E799            B                NEXT_QTY
  327 0000018E         
  328 0000018E         
  329 0000018E         
  330 0000018E         
  331 0000018E 00 00           ALIGN            4
  332 00000190 00000001 
              0000001E 
              00000002 
              00000046 
              00000003 
              000000C8 
              00000004 
              0000002A 
              00000005 
              00000051 Ingredient_Calories
                               DCD              0x01, 30, 0x02, 70, 0x03, 200, 
0x04, 42, 0x05, 81
  333 000001B8 00000006 
              00000014         DCD              0x06, 20
  334 000001C0         
  335 000001C0 00000002 
              00000032 
              00000005 
              00000003 
              00000003 
              0000000A 
              00000001 
              00000005 



ARM Macro Assembler    Page 8 


              00000004 Ingredient_Qty
                               DCD              0x02, 50, 0x05, 3, 0x03, 10, 0x
01, 5, 0x04
  336 000001E4 00000008 
              00000006 
              0000001E         DCD              8, 0x06, 30
  337 000001F0         
  338 000001F0         
  339 000001F0         
  340 000001F0         
  341 000001F0         
  342 000001F0                 ENDP
  343 000001F0         
  344 000001F0         ; Dummy Exception Handlers (infinite loops which can be 
                       modified)
  345 000001F0         
  346 000001F0         NMI_Handler
                               PROC
  347 000001F0                 EXPORT           NMI_Handler               [WEAK
]
  348 000001F0 E7FE            B                .
  349 000001F2                 ENDP
  351 000001F2         HardFault_Handler
                               PROC
  352 000001F2                 EXPORT           HardFault_Handler         [WEAK
]
  353 000001F2 E7FE            B                .
  354 000001F4                 ENDP
  356 000001F4         MemManage_Handler
                               PROC
  357 000001F4                 EXPORT           MemManage_Handler         [WEAK
]
  358 000001F4 E7FE            B                .
  359 000001F6                 ENDP
  361 000001F6         BusFault_Handler
                               PROC
  362 000001F6                 EXPORT           BusFault_Handler          [WEAK
]
  363 000001F6 E7FE            B                .
  364 000001F8                 ENDP
  366 000001F8         UsageFault_Handler
                               PROC
  367 000001F8                 EXPORT           UsageFault_Handler        [WEAK
]
  368 000001F8 E7FE            B                .
  369 000001FA                 ENDP
  370 000001FA         SVC_Handler
                               PROC
  371 000001FA                 EXPORT           SVC_Handler               [WEAK
]
  372 000001FA E7FE            B                .
  373 000001FC                 ENDP
  375 000001FC         DebugMon_Handler
                               PROC
  376 000001FC                 EXPORT           DebugMon_Handler          [WEAK
]
  377 000001FC E7FE            B                .
  378 000001FE                 ENDP
  379 000001FE         PendSV_Handler



ARM Macro Assembler    Page 9 


                               PROC
  380 000001FE                 EXPORT           PendSV_Handler            [WEAK
]
  381 000001FE E7FE            B                .
  382 00000200                 ENDP
  383 00000200         SysTick_Handler
                               PROC
  384 00000200                 EXPORT           SysTick_Handler           [WEAK
]
  385 00000200 E7FE            B                .
  386 00000202                 ENDP
  387 00000202         
  388 00000202         Default_Handler
                               PROC
  389 00000202         
  390 00000202                 EXPORT           WDT_IRQHandler            [WEAK
]
  391 00000202                 EXPORT           TIMER0_IRQHandler         [WEAK
]
  392 00000202                 EXPORT           TIMER1_IRQHandler         [WEAK
]
  393 00000202                 EXPORT           TIMER2_IRQHandler         [WEAK
]
  394 00000202                 EXPORT           TIMER3_IRQHandler         [WEAK
]
  395 00000202                 EXPORT           UART0_IRQHandler          [WEAK
]
  396 00000202                 EXPORT           UART1_IRQHandler          [WEAK
]
  397 00000202                 EXPORT           UART2_IRQHandler          [WEAK
]
  398 00000202                 EXPORT           UART3_IRQHandler          [WEAK
]
  399 00000202                 EXPORT           PWM1_IRQHandler           [WEAK
]
  400 00000202                 EXPORT           I2C0_IRQHandler           [WEAK
]
  401 00000202                 EXPORT           I2C1_IRQHandler           [WEAK
]
  402 00000202                 EXPORT           I2C2_IRQHandler           [WEAK
]
  403 00000202                 EXPORT           SPI_IRQHandler            [WEAK
]
  404 00000202                 EXPORT           SSP0_IRQHandler           [WEAK
]
  405 00000202                 EXPORT           SSP1_IRQHandler           [WEAK
]
  406 00000202                 EXPORT           PLL0_IRQHandler           [WEAK
]
  407 00000202                 EXPORT           RTC_IRQHandler            [WEAK
]
  408 00000202                 EXPORT           EINT0_IRQHandler          [WEAK
]
  409 00000202                 EXPORT           EINT1_IRQHandler          [WEAK
]
  410 00000202                 EXPORT           EINT2_IRQHandler          [WEAK
]
  411 00000202                 EXPORT           EINT3_IRQHandler          [WEAK
]



ARM Macro Assembler    Page 10 


  412 00000202                 EXPORT           ADC_IRQHandler            [WEAK
]
  413 00000202                 EXPORT           BOD_IRQHandler            [WEAK
]
  414 00000202                 EXPORT           USB_IRQHandler            [WEAK
]
  415 00000202                 EXPORT           CAN_IRQHandler            [WEAK
]
  416 00000202                 EXPORT           DMA_IRQHandler            [WEAK
]
  417 00000202                 EXPORT           I2S_IRQHandler            [WEAK
]
  418 00000202                 EXPORT           ENET_IRQHandler           [WEAK
]
  419 00000202                 EXPORT           RIT_IRQHandler            [WEAK
]
  420 00000202                 EXPORT           MCPWM_IRQHandler          [WEAK
]
  421 00000202                 EXPORT           QEI_IRQHandler            [WEAK
]
  422 00000202                 EXPORT           PLL1_IRQHandler           [WEAK
]
  423 00000202                 EXPORT           USBActivity_IRQHandler    [WEAK
]
  424 00000202                 EXPORT           CANActivity_IRQHandler    [WEAK
]
  425 00000202         
  426 00000202         WDT_IRQHandler
  427 00000202         TIMER0_IRQHandler
  428 00000202         TIMER1_IRQHandler
  429 00000202         TIMER2_IRQHandler
  430 00000202         TIMER3_IRQHandler
  431 00000202         UART0_IRQHandler
  432 00000202         UART1_IRQHandler
  433 00000202         UART2_IRQHandler
  434 00000202         UART3_IRQHandler
  435 00000202         PWM1_IRQHandler
  436 00000202         I2C0_IRQHandler
  437 00000202         I2C1_IRQHandler
  438 00000202         I2C2_IRQHandler
  439 00000202         SPI_IRQHandler
  440 00000202         SSP0_IRQHandler
  441 00000202         SSP1_IRQHandler
  442 00000202         PLL0_IRQHandler
  443 00000202         RTC_IRQHandler
  444 00000202         EINT0_IRQHandler
  445 00000202         EINT1_IRQHandler
  446 00000202         EINT2_IRQHandler
  447 00000202         EINT3_IRQHandler
  448 00000202         ADC_IRQHandler
  449 00000202         BOD_IRQHandler
  450 00000202         USB_IRQHandler
  451 00000202         CAN_IRQHandler
  452 00000202         DMA_IRQHandler
  453 00000202         I2S_IRQHandler
  454 00000202         ENET_IRQHandler
  455 00000202         RIT_IRQHandler
  456 00000202         MCPWM_IRQHandler
  457 00000202         QEI_IRQHandler



ARM Macro Assembler    Page 11 


  458 00000202         PLL1_IRQHandler
  459 00000202         USBActivity_IRQHandler
  460 00000202         CANActivity_IRQHandler
  461 00000202         
  462 00000202 E7FE            B                .
  463 00000204         
  464 00000204                 ENDP
  465 00000204         
  466 00000204         
  467 00000204                 ALIGN
  468 00000204         
  469 00000204         
  470 00000204         ; User Initial Stack & Heap
  471 00000204         
  472 00000204                 EXPORT           __initial_sp
  473 00000204                 EXPORT           __heap_base
  474 00000204                 EXPORT           __heap_limit
  475 00000204         
  476 00000204                 END
              00000000 
              00000000 
              00000000 
              00000000 
              00000000 
              00000000 
              00000000 
Command Line: --debug --xref --cpu=Cortex-M3 --depend=.\startup.d -o.\startup.o
 -I"C:\users\youbissi\Local Settings\Application Data\Arm\Packs\Keil\LPC1700_DF
P\2.7.1\Device\Include" -IC:\Keil_v5\ARM\CMSIS\Include --predefine="__EVAL SETA
 1" --predefine="__UVISION_VERSION SETA 537" --predefine="LPC175x_6x SETA 1" --
list=.\startup.lst startup.s



ARM Macro Assembler    Page 1 Alphabetic symbol ordering
Relocatable symbols

STACK 00000000

Symbol: STACK
   Definitions
      At line 33 in file startup.s
   Uses
      None
Comment: STACK unused
Stack_Mem 00000000

Symbol: Stack_Mem
   Definitions
      At line 34 in file startup.s
   Uses
      None
Comment: Stack_Mem unused
__initial_sp 00000200

Symbol: __initial_sp
   Definitions
      At line 35 in file startup.s
   Uses
      At line 65 in file startup.s
      At line 472 in file startup.s

3 symbols



ARM Macro Assembler    Page 1 Alphabetic symbol ordering
Relocatable symbols

Calories_Ordered 00000000

Symbol: Calories_Ordered
   Definitions
      At line 48 in file startup.s
   Uses
      At line 138 in file startup.s
Comment: Calories_Ordered used once
HEAP 00000000

Symbol: HEAP
   Definitions
      At line 44 in file startup.s
   Uses
      None
Comment: HEAP unused
Heap_Mem 00000000

Symbol: Heap_Mem
   Definitions
      At line 46 in file startup.s
   Uses
      None
Comment: Heap_Mem unused
Qty_Ordered 00000018

Symbol: Qty_Ordered
   Definitions
      At line 49 in file startup.s
   Uses
      At line 139 in file startup.s
Comment: Qty_Ordered used once
TMP_1 00000030

Symbol: TMP_1
   Definitions
      At line 51 in file startup.s
   Uses
      At line 140 in file startup.s
      At line 155 in file startup.s
      At line 164 in file startup.s
      At line 176 in file startup.s
      At line 186 in file startup.s
      At line 272 in file startup.s
      At line 276 in file startup.s
      At line 280 in file startup.s
      At line 283 in file startup.s
      At line 286 in file startup.s
      At line 289 in file startup.s
      At line 292 in file startup.s

TMP_2 00000060

Symbol: TMP_2
   Definitions
      At line 52 in file startup.s
   Uses
      At line 141 in file startup.s
      At line 220 in file startup.s



ARM Macro Assembler    Page 2 Alphabetic symbol ordering
Relocatable symbols

      At line 229 in file startup.s
      At line 241 in file startup.s
      At line 251 in file startup.s
      At line 302 in file startup.s
      At line 306 in file startup.s
      At line 310 in file startup.s
      At line 313 in file startup.s
      At line 316 in file startup.s
      At line 319 in file startup.s
      At line 322 in file startup.s

__heap_base 00000000

Symbol: __heap_base
   Definitions
      At line 45 in file startup.s
   Uses
      At line 473 in file startup.s
Comment: __heap_base used once
__heap_limit 00000090

Symbol: __heap_limit
   Definitions
      At line 53 in file startup.s
   Uses
      At line 474 in file startup.s
Comment: __heap_limit used once
8 symbols



ARM Macro Assembler    Page 1 Alphabetic symbol ordering
Relocatable symbols

RESET 00000000

Symbol: RESET
   Definitions
      At line 62 in file startup.s
   Uses
      None
Comment: RESET unused
__Vectors 00000000

Symbol: __Vectors
   Definitions
      At line 65 in file startup.s
   Uses
      At line 63 in file startup.s
Comment: __Vectors used once
2 symbols



ARM Macro Assembler    Page 1 Alphabetic symbol ordering
Relocatable symbols

.ARM.__at_0x02FC 00000000

Symbol: .ARM.__at_0x02FC
   Definitions
      At line 121 in file startup.s
   Uses
      None
Comment: .ARM.__at_0x02FC unused
CRP_Key 00000000

Symbol: CRP_Key
   Definitions
      At line 122 in file startup.s
   Uses
      None
Comment: CRP_Key unused
2 symbols



ARM Macro Assembler    Page 1 Alphabetic symbol ordering
Relocatable symbols

.text 00000000

Symbol: .text
   Definitions
      At line 126 in file startup.s
   Uses
      None
Comment: .text unused
ADC_IRQHandler 00000202

Symbol: ADC_IRQHandler
   Definitions
      At line 448 in file startup.s
   Uses
      At line 105 in file startup.s
      At line 412 in file startup.s

BOD_IRQHandler 00000202

Symbol: BOD_IRQHandler
   Definitions
      At line 449 in file startup.s
   Uses
      At line 106 in file startup.s
      At line 413 in file startup.s

BusFault_Handler 000001F6

Symbol: BusFault_Handler
   Definitions
      At line 361 in file startup.s
   Uses
      At line 70 in file startup.s
      At line 362 in file startup.s

CANActivity_IRQHandler 00000202

Symbol: CANActivity_IRQHandler
   Definitions
      At line 460 in file startup.s
   Uses
      At line 117 in file startup.s
      At line 424 in file startup.s

CAN_IRQHandler 00000202

Symbol: CAN_IRQHandler
   Definitions
      At line 451 in file startup.s
   Uses
      At line 108 in file startup.s
      At line 415 in file startup.s

COPY_INGERDIENT_CALORIES 00000010

Symbol: COPY_INGERDIENT_CALORIES
   Definitions
      At line 143 in file startup.s
   Uses



ARM Macro Assembler    Page 2 Alphabetic symbol ordering
Relocatable symbols

      At line 151 in file startup.s
Comment: COPY_INGERDIENT_CALORIES used once
COPY_INGERDIENT_CALORIES_INTO_CALORIES_ORDERED 00000068

Symbol: COPY_INGERDIENT_CALORIES_INTO_CALORIES_ORDERED
   Definitions
      At line 188 in file startup.s
   Uses
      At line 196 in file startup.s
Comment: COPY_INGERDIENT_CALORIES_INTO_CALORIES_ORDERED used once
COPY_INGERDIENT_QTY_INTO_CALORIES_ORDERED 000000E0

Symbol: COPY_INGERDIENT_QTY_INTO_CALORIES_ORDERED
   Definitions
      At line 253 in file startup.s
   Uses
      At line 261 in file startup.s
Comment: COPY_INGERDIENT_QTY_INTO_CALORIES_ORDERED used once
COPY_INGERDIENT_QUANTITY 00000088

Symbol: COPY_INGERDIENT_QUANTITY
   Definitions
      At line 208 in file startup.s
   Uses
      At line 216 in file startup.s
Comment: COPY_INGERDIENT_QUANTITY used once
DMA_IRQHandler 00000202

Symbol: DMA_IRQHandler
   Definitions
      At line 452 in file startup.s
   Uses
      At line 109 in file startup.s
      At line 416 in file startup.s

DebugMon_Handler 000001FC

Symbol: DebugMon_Handler
   Definitions
      At line 375 in file startup.s
   Uses
      At line 77 in file startup.s
      At line 376 in file startup.s

Default_Handler 00000202

Symbol: Default_Handler
   Definitions
      At line 388 in file startup.s
   Uses
      None
Comment: Default_Handler unused
EINT0_IRQHandler 00000202

Symbol: EINT0_IRQHandler
   Definitions
      At line 444 in file startup.s
   Uses
      At line 101 in file startup.s



ARM Macro Assembler    Page 3 Alphabetic symbol ordering
Relocatable symbols

      At line 408 in file startup.s

EINT1_IRQHandler 00000202

Symbol: EINT1_IRQHandler
   Definitions
      At line 445 in file startup.s
   Uses
      At line 102 in file startup.s
      At line 409 in file startup.s

EINT2_IRQHandler 00000202

Symbol: EINT2_IRQHandler
   Definitions
      At line 446 in file startup.s
   Uses
      At line 103 in file startup.s
      At line 410 in file startup.s

EINT3_IRQHandler 00000202

Symbol: EINT3_IRQHandler
   Definitions
      At line 447 in file startup.s
   Uses
      At line 104 in file startup.s
      At line 411 in file startup.s

ENET_IRQHandler 00000202

Symbol: ENET_IRQHandler
   Definitions
      At line 454 in file startup.s
   Uses
      At line 111 in file startup.s
      At line 418 in file startup.s

HardFault_Handler 000001F2

Symbol: HardFault_Handler
   Definitions
      At line 351 in file startup.s
   Uses
      At line 68 in file startup.s
      At line 352 in file startup.s

I2C0_IRQHandler 00000202

Symbol: I2C0_IRQHandler
   Definitions
      At line 436 in file startup.s
   Uses
      At line 93 in file startup.s
      At line 400 in file startup.s

I2C1_IRQHandler 00000202

Symbol: I2C1_IRQHandler



ARM Macro Assembler    Page 4 Alphabetic symbol ordering
Relocatable symbols

   Definitions
      At line 437 in file startup.s
   Uses
      At line 94 in file startup.s
      At line 401 in file startup.s

I2C2_IRQHandler 00000202

Symbol: I2C2_IRQHandler
   Definitions
      At line 438 in file startup.s
   Uses
      At line 95 in file startup.s
      At line 402 in file startup.s

I2S_IRQHandler 00000202

Symbol: I2S_IRQHandler
   Definitions
      At line 453 in file startup.s
   Uses
      At line 110 in file startup.s
      At line 417 in file startup.s

Ingredient_Calories 00000190

Symbol: Ingredient_Calories
   Definitions
      At line 332 in file startup.s
   Uses
      At line 136 in file startup.s
Comment: Ingredient_Calories used once
Ingredient_Qty 000001C0

Symbol: Ingredient_Qty
   Definitions
      At line 335 in file startup.s
   Uses
      At line 137 in file startup.s
Comment: Ingredient_Qty used once
LOOP_1_CALORIES 0000002E

Symbol: LOOP_1_CALORIES
   Definitions
      At line 158 in file startup.s
   Uses
      At line 183 in file startup.s
Comment: LOOP_1_CALORIES used once
LOOP_1_QTY 000000A6

Symbol: LOOP_1_QTY
   Definitions
      At line 223 in file startup.s
   Uses
      At line 248 in file startup.s
Comment: LOOP_1_QTY used once
LOOP_2_CALORIES 0000003A

Symbol: LOOP_2_CALORIES



ARM Macro Assembler    Page 5 Alphabetic symbol ordering
Relocatable symbols

   Definitions
      At line 166 in file startup.s
   Uses
      At line 178 in file startup.s
Comment: LOOP_2_CALORIES used once
LOOP_2_QTY 000000B2

Symbol: LOOP_2_QTY
   Definitions
      At line 231 in file startup.s
   Uses
      At line 243 in file startup.s
Comment: LOOP_2_QTY used once
MCPWM_IRQHandler 00000202

Symbol: MCPWM_IRQHandler
   Definitions
      At line 456 in file startup.s
   Uses
      At line 113 in file startup.s
      At line 420 in file startup.s

MemManage_Handler 000001F4

Symbol: MemManage_Handler
   Definitions
      At line 356 in file startup.s
   Uses
      At line 69 in file startup.s
      At line 357 in file startup.s

NEXT_CALORIES 0000004A

Symbol: NEXT_CALORIES
   Definitions
      At line 174 in file startup.s
   Uses
      At line 296 in file startup.s
Comment: NEXT_CALORIES used once
NEXT_QTY 000000C2

Symbol: NEXT_QTY
   Definitions
      At line 239 in file startup.s
   Uses
      At line 326 in file startup.s
Comment: NEXT_QTY used once
NMI_Handler 000001F0

Symbol: NMI_Handler
   Definitions
      At line 346 in file startup.s
   Uses
      At line 67 in file startup.s
      At line 347 in file startup.s

PLL0_IRQHandler 00000202

Symbol: PLL0_IRQHandler



ARM Macro Assembler    Page 6 Alphabetic symbol ordering
Relocatable symbols

   Definitions
      At line 442 in file startup.s
   Uses
      At line 99 in file startup.s
      At line 406 in file startup.s

PLL1_IRQHandler 00000202

Symbol: PLL1_IRQHandler
   Definitions
      At line 458 in file startup.s
   Uses
      At line 115 in file startup.s
      At line 422 in file startup.s

PWM1_IRQHandler 00000202

Symbol: PWM1_IRQHandler
   Definitions
      At line 435 in file startup.s
   Uses
      At line 92 in file startup.s
      At line 399 in file startup.s

PendSV_Handler 000001FE

Symbol: PendSV_Handler
   Definitions
      At line 379 in file startup.s
   Uses
      At line 79 in file startup.s
      At line 380 in file startup.s

QEI_IRQHandler 00000202

Symbol: QEI_IRQHandler
   Definitions
      At line 457 in file startup.s
   Uses
      At line 114 in file startup.s
      At line 421 in file startup.s

RIT_IRQHandler 00000202

Symbol: RIT_IRQHandler
   Definitions
      At line 455 in file startup.s
   Uses
      At line 112 in file startup.s
      At line 419 in file startup.s

RTC_IRQHandler 00000202

Symbol: RTC_IRQHandler
   Definitions
      At line 443 in file startup.s
   Uses
      At line 100 in file startup.s
      At line 407 in file startup.s



ARM Macro Assembler    Page 7 Alphabetic symbol ordering
Relocatable symbols


Reset_Handler 00000000

Symbol: Reset_Handler
   Definitions
      At line 131 in file startup.s
   Uses
      At line 66 in file startup.s
      At line 132 in file startup.s
      At line 133 in file startup.s

SPI_IRQHandler 00000202

Symbol: SPI_IRQHandler
   Definitions
      At line 439 in file startup.s
   Uses
      At line 96 in file startup.s
      At line 403 in file startup.s

SSP0_IRQHandler 00000202

Symbol: SSP0_IRQHandler
   Definitions
      At line 440 in file startup.s
   Uses
      At line 97 in file startup.s
      At line 404 in file startup.s

SSP1_IRQHandler 00000202

Symbol: SSP1_IRQHandler
   Definitions
      At line 441 in file startup.s
   Uses
      At line 98 in file startup.s
      At line 405 in file startup.s

SVC_Handler 000001FA

Symbol: SVC_Handler
   Definitions
      At line 370 in file startup.s
   Uses
      At line 76 in file startup.s
      At line 371 in file startup.s

SWITCH_CALORIES 000000F6

Symbol: SWITCH_CALORIES
   Definitions
      At line 271 in file startup.s
   Uses
      At line 172 in file startup.s
Comment: SWITCH_CALORIES used once
SWITCH_QTY 00000142

Symbol: SWITCH_QTY
   Definitions



ARM Macro Assembler    Page 8 Alphabetic symbol ordering
Relocatable symbols

      At line 301 in file startup.s
   Uses
      At line 237 in file startup.s
Comment: SWITCH_QTY used once
SysTick_Handler 00000200

Symbol: SysTick_Handler
   Definitions
      At line 383 in file startup.s
   Uses
      At line 80 in file startup.s
      At line 384 in file startup.s

TIMER0_IRQHandler 00000202

Symbol: TIMER0_IRQHandler
   Definitions
      At line 427 in file startup.s
   Uses
      At line 84 in file startup.s
      At line 391 in file startup.s

TIMER1_IRQHandler 00000202

Symbol: TIMER1_IRQHandler
   Definitions
      At line 428 in file startup.s
   Uses
      At line 85 in file startup.s
      At line 392 in file startup.s

TIMER2_IRQHandler 00000202

Symbol: TIMER2_IRQHandler
   Definitions
      At line 429 in file startup.s
   Uses
      At line 86 in file startup.s
      At line 393 in file startup.s

TIMER3_IRQHandler 00000202

Symbol: TIMER3_IRQHandler
   Definitions
      At line 430 in file startup.s
   Uses
      At line 87 in file startup.s
      At line 394 in file startup.s

UART0_IRQHandler 00000202

Symbol: UART0_IRQHandler
   Definitions
      At line 431 in file startup.s
   Uses
      At line 88 in file startup.s
      At line 395 in file startup.s

UART1_IRQHandler 00000202



ARM Macro Assembler    Page 9 Alphabetic symbol ordering
Relocatable symbols


Symbol: UART1_IRQHandler
   Definitions
      At line 432 in file startup.s
   Uses
      At line 89 in file startup.s
      At line 396 in file startup.s

UART2_IRQHandler 00000202

Symbol: UART2_IRQHandler
   Definitions
      At line 433 in file startup.s
   Uses
      At line 90 in file startup.s
      At line 397 in file startup.s

UART3_IRQHandler 00000202

Symbol: UART3_IRQHandler
   Definitions
      At line 434 in file startup.s
   Uses
      At line 91 in file startup.s
      At line 398 in file startup.s

USBActivity_IRQHandler 00000202

Symbol: USBActivity_IRQHandler
   Definitions
      At line 459 in file startup.s
   Uses
      At line 116 in file startup.s
      At line 423 in file startup.s

USB_IRQHandler 00000202

Symbol: USB_IRQHandler
   Definitions
      At line 450 in file startup.s
   Uses
      At line 107 in file startup.s
      At line 414 in file startup.s

UsageFault_Handler 000001F8

Symbol: UsageFault_Handler
   Definitions
      At line 366 in file startup.s
   Uses
      At line 71 in file startup.s
      At line 367 in file startup.s

WDT_IRQHandler 00000202

Symbol: WDT_IRQHandler
   Definitions
      At line 426 in file startup.s
   Uses



ARM Macro Assembler    Page 10 Alphabetic symbol ordering
Relocatable symbols

      At line 83 in file startup.s
      At line 390 in file startup.s

61 symbols



ARM Macro Assembler    Page 1 Alphabetic symbol ordering
Absolute symbols

Heap_Size 00000000

Symbol: Heap_Size
   Definitions
      At line 42 in file startup.s
   Uses
      At line 46 in file startup.s
Comment: Heap_Size used once
Stack_Size 00000200

Symbol: Stack_Size
   Definitions
      At line 31 in file startup.s
   Uses
      At line 34 in file startup.s
Comment: Stack_Size used once
2 symbols
415 symbols in table
