


ARM Macro Assembler    Page 1 


    1 00000000                 AREA             asm_functions, CODE, READONLY
    2 00000000                 EXPORT           find_best_3
    3 00000000         
    4 00000000         find_best_3
    5 00000000         ; save current SP for a faster access 
    6 00000000         ; to parameters in the stack
    7 00000000 46EC            MOV              r12, sp
    8 00000002         ; save volatile registers
    9 00000002 E92D 4DF0       STMFD            sp!,{r4-r8,r10-r11,lr}
   10 00000006 460C            mov              r4, r1
   11 00000008 F04F 0500       mov              r5, #0
   12 0000000C F04F 0600       mov              r6, #0
   13 00000010 F04F 0B00       mov              r11, #0
   14 00000014         
   15 00000014         order
   16 00000014         
   17 00000014 5987            ldr              r7, [r0,r6] ; temp max
   18 00000016 4635            mov              r5, r6
   19 00000018         
   20 00000018         max
   21 00000018 F850 8005       ldr              r8, [r0, r5] ; get VET[j]
   22 0000001C 4547            cmp              r7, r8
   23 0000001E BFBC F108 
              0700             addlt            r7, r8, #0  ; new max
   24 00000024 F105 0A00       addlt            r10, r5, #0 ; save max pos
   25 00000028 F105 0504       add              r5, r5, #4
   26 0000002C EBB5 0F81       cmp              r5, r1, lsl #2
   27 00000030 DBF2            blt              max
   28 00000032         
   29 00000032 F04F 0500       mov              r5, #0
   30 00000036 F850 9006       ldr              r9, [r0, r6] ; k=VETT[i]
   31 0000003A 5187            str              r7, [r0, r6] ; VETT[i] = max
   32 0000003C F840 900A       str              r9, [r0, r10] 
                                                            ; VETT[pos max] = k
                                                            
   33 00000040 F106 0604       add              r6, r6, #4
   34 00000044 EBB6 0F81       cmp              r6, r1, lsl #2
   35 00000048 DBE4            blt              order
   36 0000004A         
   37 0000004A F04F 0600       mov              r6, #0
   38 0000004E F04F 0903       mov              r9, #3
   39 00000052         
   40 00000052         set_3_best_into_best_3
   41 00000052         
   42 00000052 5987            ldr              r7, [r0, r6]
   43 00000054 5197            str              r7, [r2, r6]
   44 00000056 F106 0604       add              r6, r6, #4
   45 0000005A EBB6 0F89       cmp              r6, r9, lsl #2
   46 0000005E DBF8            blt              set_3_best_into_best_3
   47 00000060         
   48 00000060         
   49 00000060 4608            mov              r0, r1
   50 00000062         
   51 00000062         ; restore volatile registers
   52 00000062 E8BD 8DF0       LDMFD            sp!,{r4-r8,r10-r11,pc}
   53 00000066         
   54 00000066                 END
Command Line: --debug --xref --diag_suppress=9931 --cpu=Cortex-M3 --apcs=interw
ork --depend=.\asm_functions.d -o.\asm_functions.o -I.\RTE\_Target_1 -IC:\Users



ARM Macro Assembler    Page 2 


\youbi\AppData\Local\Arm\Packs\ARM\CMSIS\5.9.0\CMSIS\Core\Include -IC:\Users\yo
ubi\AppData\Local\Arm\Packs\Keil\LPC1700_DFP\2.7.1\Device\Include --predefine="
__EVAL SETA 1" --predefine="__UVISION_VERSION SETA 538" --predefine="_RTE_ SETA
 1" --predefine="LPC175x_6x SETA 1" --predefine="_RTE_ SETA 1" --list=.\asm_fun
ctions.lst ASM_functions.s



ARM Macro Assembler    Page 1 Alphabetic symbol ordering
Relocatable symbols

asm_functions 00000000

Symbol: asm_functions
   Definitions
      At line 1 in file ASM_functions.s
   Uses
      None
Comment: asm_functions unused
find_best_3 00000000

Symbol: find_best_3
   Definitions
      At line 4 in file ASM_functions.s
   Uses
      At line 2 in file ASM_functions.s
Comment: find_best_3 used once
max 00000018

Symbol: max
   Definitions
      At line 20 in file ASM_functions.s
   Uses
      At line 27 in file ASM_functions.s
Comment: max used once
order 00000014

Symbol: order
   Definitions
      At line 15 in file ASM_functions.s
   Uses
      At line 35 in file ASM_functions.s
Comment: order used once
set_3_best_into_best_3 00000052

Symbol: set_3_best_into_best_3
   Definitions
      At line 40 in file ASM_functions.s
   Uses
      At line 46 in file ASM_functions.s
Comment: set_3_best_into_best_3 used once
5 symbols
339 symbols in table
