


ARM Macro Assembler    Page 1 


    1 00000000         ;/******************************************************
                       ********************//**
    2 00000000         ; * @file     startup_LPC17xx.s
    3 00000000         ; * @brief    CMSIS Cortex-M3 Core Device Startup File f
                       or
    4 00000000         ; *           NXP LPC17xx Device Series
    5 00000000         ; * @version  V1.10
    6 00000000         ; * @date     06. April 2011
    7 00000000         ; *
    8 00000000         ; * @note
    9 00000000         ; * Copyright (C) 2009-2011 ARM Limited. All rights rese
                       rved.
   10 00000000         ; *
   11 00000000         ; * @par
   12 00000000         ; * ARM Limited (ARM) is supplying this software for use
                        with Cortex-M
   13 00000000         ; * processor based microcontrollers.  This file can be 
                       freely distributed
   14 00000000         ; * within development tools that are supporting such AR
                       M based processors.
   15 00000000         ; *
   16 00000000         ; * @par
   17 00000000         ; * THIS SOFTWARE IS PROVIDED "AS IS".  NO WARRANTIES, W
                       HETHER EXPRESS, IMPLIED
   18 00000000         ; * OR STATUTORY, INCLUDING, BUT NOT LIMITED TO, IMPLIED
                        WARRANTIES OF
   19 00000000         ; * MERCHANTABILITY AND FITNESS FOR A PARTICULAR PURPOSE
                        APPLY TO THIS SOFTWARE.
   20 00000000         ; * ARM SHALL NOT, IN ANY CIRCUMSTANCES, BE LIABLE FOR S
                       PECIAL, INCIDENTAL, OR
   21 00000000         ; * CONSEQUENTIAL DAMAGES, FOR ANY REASON WHATSOEVER.
   22 00000000         ; *
   23 00000000         ; ******************************************************
                       ************************/
   24 00000000         
   25 00000000         ; *------- <<< Use Configuration Wizard in Context Menu 
                       >>> ------------------
   26 00000000         
   27 00000000         ; <h> Stack Configuration
   28 00000000         ;   <o> Stack Size (in Bytes) <0x0-0xFFFFFFFF:8>
   29 00000000         ; </h>
   30 00000000         
   31 00000000 00000200 
                       Stack_Size
                               EQU              0x00000200
   32 00000000         
   33 00000000                 AREA             STACK, NOINIT, READWRITE, ALIGN
=3
   34 00000000         Stack_Mem
                               SPACE            Stack_Size
   35 00000200         __initial_sp
   36 00000200         
   37 00000200         
   38 00000200         ; <h> Heap Configuration
   39 00000200         ;   <o>  Heap Size (in Bytes) <0x0-0xFFFFFFFF:8>
   40 00000200         ; </h>
   41 00000200         
   42 00000200 00000000 
                       Heap_Size



ARM Macro Assembler    Page 2 


                               EQU              0x00000000
   43 00000200         
   44 00000200                 AREA             HEAP, NOINIT, READWRITE, ALIGN=
3
   45 00000000         __heap_base
   46 00000000         Heap_Mem
                               SPACE            Heap_Size
   47 00000000         __heap_limit
   48 00000000         
   49 00000000         
   50 00000000                 PRESERVE8
   51 00000000                 THUMB
   52 00000000         
   53 00000000         
   54 00000000         ; Vector Table Mapped to Address 0 at Reset
   55 00000000         
   56 00000000                 AREA             RESET, DATA, READONLY
   57 00000000                 EXPORT           __Vectors
   58 00000000         
   59 00000000 00000000 
                       __Vectors
                               DCD              __initial_sp ; Top of Stack
   60 00000004 00000000        DCD              Reset_Handler ; Reset Handler
   61 00000008 00000000        DCD              NMI_Handler ; NMI Handler
   62 0000000C 00000000        DCD              HardFault_Handler ; Hard Fault 
                                                            Handler
   63 00000010 00000000        DCD              MemManage_Handler 
                                                            ; MPU Fault Handler
                                                            
   64 00000014 00000000        DCD              BusFault_Handler 
                                                            ; Bus Fault Handler
                                                            
   65 00000018 00000000        DCD              UsageFault_Handler ; Usage Faul
                                                            t Handler
   66 0000001C 00000000        DCD              0           ; Reserved
   67 00000020 00000000        DCD              0           ; Reserved
   68 00000024 00000000        DCD              0           ; Reserved
   69 00000028 00000000        DCD              0           ; Reserved
   70 0000002C 00000000        DCD              SVC_Handler ; SVCall Handler
   71 00000030 00000000        DCD              DebugMon_Handler ; Debug Monito
                                                            r Handler
   72 00000034 00000000        DCD              0           ; Reserved
   73 00000038 00000000        DCD              PendSV_Handler ; PendSV Handler
                                                            
   74 0000003C 00000000        DCD              SysTick_Handler 
                                                            ; SysTick Handler
   75 00000040         
   76 00000040         ; External Interrupts
   77 00000040 00000000        DCD              WDT_IRQHandler ; 16: Watchdog T
                                                            imer
   78 00000044 00000000        DCD              TIMER0_IRQHandler ; 17: Timer0
   79 00000048 00000000        DCD              TIMER1_IRQHandler ; 18: Timer1
   80 0000004C 00000000        DCD              TIMER2_IRQHandler ; 19: Timer2
   81 00000050 00000000        DCD              TIMER3_IRQHandler ; 20: Timer3
   82 00000054 00000000        DCD              UART0_IRQHandler ; 21: UART0
   83 00000058 00000000        DCD              UART1_IRQHandler ; 22: UART1
   84 0000005C 00000000        DCD              UART2_IRQHandler ; 23: UART2
   85 00000060 00000000        DCD              UART3_IRQHandler ; 24: UART3
   86 00000064 00000000        DCD              PWM1_IRQHandler ; 25: PWM1



ARM Macro Assembler    Page 3 


   87 00000068 00000000        DCD              I2C0_IRQHandler ; 26: I2C0
   88 0000006C 00000000        DCD              I2C1_IRQHandler ; 27: I2C1
   89 00000070 00000000        DCD              I2C2_IRQHandler ; 28: I2C2
   90 00000074 00000000        DCD              SPI_IRQHandler ; 29: SPI
   91 00000078 00000000        DCD              SSP0_IRQHandler ; 30: SSP0
   92 0000007C 00000000        DCD              SSP1_IRQHandler ; 31: SSP1
   93 00000080 00000000        DCD              PLL0_IRQHandler ; 32: PLL0 Lock
                                                             (Main PLL)
   94 00000084 00000000        DCD              RTC_IRQHandler ; 33: Real Time 
                                                            Clock
   95 00000088 00000000        DCD              EINT0_IRQHandler ; 34: External
                                                             Interrupt 0
   96 0000008C 00000000        DCD              EINT1_IRQHandler ; 35: External
                                                             Interrupt 1
   97 00000090 00000000        DCD              EINT2_IRQHandler ; 36: External
                                                             Interrupt 2
   98 00000094 00000000        DCD              EINT3_IRQHandler ; 37: External
                                                             Interrupt 3
   99 00000098 00000000        DCD              ADC_IRQHandler 
                                                            ; 38: A/D Converter
                                                            
  100 0000009C 00000000        DCD              BOD_IRQHandler ; 39: Brown-Out 
                                                            Detect
  101 000000A0 00000000        DCD              USB_IRQHandler ; 40: USB
  102 000000A4 00000000        DCD              CAN_IRQHandler ; 41: CAN
  103 000000A8 00000000        DCD              DMA_IRQHandler ; 42: General Pu
                                                            rpose DMA
  104 000000AC 00000000        DCD              I2S_IRQHandler ; 43: I2S
  105 000000B0 00000000        DCD              ENET_IRQHandler ; 44: Ethernet
  106 000000B4 00000000        DCD              RIT_IRQHandler ; 45: Repetitive
                                                             Interrupt Timer
  107 000000B8 00000000        DCD              MCPWM_IRQHandler ; 46: Motor Co
                                                            ntrol PWM
  108 000000BC 00000000        DCD              QEI_IRQHandler ; 47: Quadrature
                                                             Encoder Interface
  109 000000C0 00000000        DCD              PLL1_IRQHandler ; 48: PLL1 Lock
                                                             (USB PLL)
  110 000000C4 00000000        DCD              USBActivity_IRQHandler ; 49: US
                                                            B Activity interrup
                                                            t to wakeup
  111 000000C8 00000000        DCD              CANActivity_IRQHandler ; 50: CA
                                                            N Activity interrup
                                                            t to wakeup
  112 000000CC         
  113 000000CC         
  114 000000CC                 IF               :LNOT::DEF:NO_CRP
  115 000000CC                 AREA             |.ARM.__at_0x02FC|, CODE, READO
NLY
  116 00000000 FFFFFFFF 
                       CRP_Key DCD              0xFFFFFFFF
  117 00000004                 ENDIF
  118 00000004         
  119 00000004         
  120 00000004                 AREA             |.text|, CODE, READONLY, align=
3
  121 00000000         
  122 00000000         
  123 00000000         ; Reset Handler
  124 00000000         



ARM Macro Assembler    Page 4 


  125 00000000         Reset_Handler
                               PROC
  126 00000000                 EXPORT           Reset_Handler             [WEAK
]
  127 00000000 482F            LDR              R0, =Reset_Handler
  128 00000002         
  129 00000002         
  130 00000002 4930            LDR              R1, =Ingredient_Calories
  131 00000004 4A30            LDR              R2, =Ingredient_Qty
  132 00000006         ; your code here
  133 00000006         
  134 00000006         
  135 00000006         LOOP
  136 00000006         
  137 00000006 F8D1 8000       LDR              R8, [R1]
  138 0000000A E015            B                SEARCH_EQUIVALENT_ID
  139 0000000C         
  140 0000000C         ADD_TO_R11
  141 0000000C         
  142 0000000C F103 0301       ADD              R3, R3, #1
  143 00000010 F102 0204       ADD              R2, R2, #4
  144 00000014 F101 0104       ADD              R1, R1,  #4
  145 00000018 680C            LDR              R4, [R1]
  146 0000001A 6815            LDR              R5, [R2]
  147 0000001C FB05 F604       MUL              R6, R5, R4
  148 00000020 44B3            ADD              R11, R11, R6
  149 00000022 F101 0104       ADD              R1, R1,  #4
  150 00000026 F1A2 0204       SUB              R2, R2, #4
  151 0000002A EBA2 0207       SUB              R2, R2, R7
  152 0000002E EBA7 0707       SUB              R7, R7, R7
  153 00000032 2B05            CMP              R3, #5
  154 00000034 D1E7            BNE              LOOP
  155 00000036         
  156 00000036         
  157 00000036 4700            BX               R0
  158 00000038         
  159 00000038         
  160 00000038         SEARCH_EQUIVALENT_ID
  161 00000038         
  162 00000038 F8D2 9000       LDR              R9, [R2]
  163 0000003C 45C8            CMP              R8, R9
  164 0000003E D0E5            BEQ              ADD_TO_R11
  165 00000040 F107 0708       ADD              R7, R7, #8
  166 00000044 F102 0208       ADD              R2, R2, #8
  167 00000048 D1F6            BNE              SEARCH_EQUIVALENT_ID
  168 0000004A         
  169 0000004A 00 00           ALIGN            4
  170 0000004C 00000001 
              0000001E 
              00000002 
              00000046 
              00000003 
              000000C8 
              00000004 
              0000002A 
              00000005 
              00000051 Ingredient_Calories
                               DCD              0x01, 30, 0x02, 70, 0x03, 200, 
0x04, 42, 0x05, 81



ARM Macro Assembler    Page 5 


  171 00000074 00000006 
              00000014         DCD              0x06, 20
  172 0000007C         
  173 0000007C 00000002 
              00000032 
              00000005 
              00000003 
              00000003 
              0000000A 
              00000001 
              00000005 
              00000004 Ingredient_Qty
                               DCD              0x02, 50, 0x05, 3, 0x03, 10, 0x
01, 5, 0x04
  174 000000A0 00000008 
              00000006 
              0000001E         DCD              8, 0x06, 30
  175 000000AC         
  176 000000AC         
  177 000000AC         
  178 000000AC                 ENDP
  179 000000AC         
  180 000000AC         ; Dummy Exception Handlers (infinite loops which can be 
                       modified)
  181 000000AC         
  182 000000AC         NMI_Handler
                               PROC
  183 000000AC                 EXPORT           NMI_Handler               [WEAK
]
  184 000000AC E7FE            B                .
  185 000000AE                 ENDP
  187 000000AE         HardFault_Handler
                               PROC
  188 000000AE                 EXPORT           HardFault_Handler         [WEAK
]
  189 000000AE E7FE            B                .
  190 000000B0                 ENDP
  192 000000B0         MemManage_Handler
                               PROC
  193 000000B0                 EXPORT           MemManage_Handler         [WEAK
]
  194 000000B0 E7FE            B                .
  195 000000B2                 ENDP
  197 000000B2         BusFault_Handler
                               PROC
  198 000000B2                 EXPORT           BusFault_Handler          [WEAK
]
  199 000000B2 E7FE            B                .
  200 000000B4                 ENDP
  202 000000B4         UsageFault_Handler
                               PROC
  203 000000B4                 EXPORT           UsageFault_Handler        [WEAK
]
  204 000000B4 E7FE            B                .
  205 000000B6                 ENDP
  206 000000B6         SVC_Handler
                               PROC
  207 000000B6                 EXPORT           SVC_Handler               [WEAK
]



ARM Macro Assembler    Page 6 


  208 000000B6 E7FE            B                .
  209 000000B8                 ENDP
  211 000000B8         DebugMon_Handler
                               PROC
  212 000000B8                 EXPORT           DebugMon_Handler          [WEAK
]
  213 000000B8 E7FE            B                .
  214 000000BA                 ENDP
  215 000000BA         PendSV_Handler
                               PROC
  216 000000BA                 EXPORT           PendSV_Handler            [WEAK
]
  217 000000BA E7FE            B                .
  218 000000BC                 ENDP
  219 000000BC         SysTick_Handler
                               PROC
  220 000000BC                 EXPORT           SysTick_Handler           [WEAK
]
  221 000000BC E7FE            B                .
  222 000000BE                 ENDP
  223 000000BE         
  224 000000BE         Default_Handler
                               PROC
  225 000000BE         
  226 000000BE                 EXPORT           WDT_IRQHandler            [WEAK
]
  227 000000BE                 EXPORT           TIMER0_IRQHandler         [WEAK
]
  228 000000BE                 EXPORT           TIMER1_IRQHandler         [WEAK
]
  229 000000BE                 EXPORT           TIMER2_IRQHandler         [WEAK
]
  230 000000BE                 EXPORT           TIMER3_IRQHandler         [WEAK
]
  231 000000BE                 EXPORT           UART0_IRQHandler          [WEAK
]
  232 000000BE                 EXPORT           UART1_IRQHandler          [WEAK
]
  233 000000BE                 EXPORT           UART2_IRQHandler          [WEAK
]
  234 000000BE                 EXPORT           UART3_IRQHandler          [WEAK
]
  235 000000BE                 EXPORT           PWM1_IRQHandler           [WEAK
]
  236 000000BE                 EXPORT           I2C0_IRQHandler           [WEAK
]
  237 000000BE                 EXPORT           I2C1_IRQHandler           [WEAK
]
  238 000000BE                 EXPORT           I2C2_IRQHandler           [WEAK
]
  239 000000BE                 EXPORT           SPI_IRQHandler            [WEAK
]
  240 000000BE                 EXPORT           SSP0_IRQHandler           [WEAK
]
  241 000000BE                 EXPORT           SSP1_IRQHandler           [WEAK
]
  242 000000BE                 EXPORT           PLL0_IRQHandler           [WEAK
]
  243 000000BE                 EXPORT           RTC_IRQHandler            [WEAK



ARM Macro Assembler    Page 7 


]
  244 000000BE                 EXPORT           EINT0_IRQHandler          [WEAK
]
  245 000000BE                 EXPORT           EINT1_IRQHandler          [WEAK
]
  246 000000BE                 EXPORT           EINT2_IRQHandler          [WEAK
]
  247 000000BE                 EXPORT           EINT3_IRQHandler          [WEAK
]
  248 000000BE                 EXPORT           ADC_IRQHandler            [WEAK
]
  249 000000BE                 EXPORT           BOD_IRQHandler            [WEAK
]
  250 000000BE                 EXPORT           USB_IRQHandler            [WEAK
]
  251 000000BE                 EXPORT           CAN_IRQHandler            [WEAK
]
  252 000000BE                 EXPORT           DMA_IRQHandler            [WEAK
]
  253 000000BE                 EXPORT           I2S_IRQHandler            [WEAK
]
  254 000000BE                 EXPORT           ENET_IRQHandler           [WEAK
]
  255 000000BE                 EXPORT           RIT_IRQHandler            [WEAK
]
  256 000000BE                 EXPORT           MCPWM_IRQHandler          [WEAK
]
  257 000000BE                 EXPORT           QEI_IRQHandler            [WEAK
]
  258 000000BE                 EXPORT           PLL1_IRQHandler           [WEAK
]
  259 000000BE                 EXPORT           USBActivity_IRQHandler    [WEAK
]
  260 000000BE                 EXPORT           CANActivity_IRQHandler    [WEAK
]
  261 000000BE         
  262 000000BE         WDT_IRQHandler
  263 000000BE         TIMER0_IRQHandler
  264 000000BE         TIMER1_IRQHandler
  265 000000BE         TIMER2_IRQHandler
  266 000000BE         TIMER3_IRQHandler
  267 000000BE         UART0_IRQHandler
  268 000000BE         UART1_IRQHandler
  269 000000BE         UART2_IRQHandler
  270 000000BE         UART3_IRQHandler
  271 000000BE         PWM1_IRQHandler
  272 000000BE         I2C0_IRQHandler
  273 000000BE         I2C1_IRQHandler
  274 000000BE         I2C2_IRQHandler
  275 000000BE         SPI_IRQHandler
  276 000000BE         SSP0_IRQHandler
  277 000000BE         SSP1_IRQHandler
  278 000000BE         PLL0_IRQHandler
  279 000000BE         RTC_IRQHandler
  280 000000BE         EINT0_IRQHandler
  281 000000BE         EINT1_IRQHandler
  282 000000BE         EINT2_IRQHandler
  283 000000BE         EINT3_IRQHandler
  284 000000BE         ADC_IRQHandler



ARM Macro Assembler    Page 8 


  285 000000BE         BOD_IRQHandler
  286 000000BE         USB_IRQHandler
  287 000000BE         CAN_IRQHandler
  288 000000BE         DMA_IRQHandler
  289 000000BE         I2S_IRQHandler
  290 000000BE         ENET_IRQHandler
  291 000000BE         RIT_IRQHandler
  292 000000BE         MCPWM_IRQHandler
  293 000000BE         QEI_IRQHandler
  294 000000BE         PLL1_IRQHandler
  295 000000BE         USBActivity_IRQHandler
  296 000000BE         CANActivity_IRQHandler
  297 000000BE         
  298 000000BE E7FE            B                .
  299 000000C0         
  300 000000C0                 ENDP
  301 000000C0         
  302 000000C0         
  303 000000C0                 ALIGN
  304 000000C0         
  305 000000C0         
  306 000000C0         ; User Initial Stack & Heap
  307 000000C0         
  308 000000C0                 EXPORT           __initial_sp
  309 000000C0                 EXPORT           __heap_base
  310 000000C0                 EXPORT           __heap_limit
  311 000000C0         
  312 000000C0                 END
              00000000 
              00000000 
              00000000 
Command Line: --debug --xref --cpu=Cortex-M3 --depend=.\startup.d -o.\startup.o
 -I"C:\users\youbissi\Local Settings\Application Data\Arm\Packs\Keil\LPC1700_DF
P\2.7.1\Device\Include" -IC:\Keil_v5\ARM\CMSIS\Include --predefine="__EVAL SETA
 1" --predefine="__UVISION_VERSION SETA 537" --predefine="LPC175x_6x SETA 1" --
list=.\startup.lst startup.s



ARM Macro Assembler    Page 1 Alphabetic symbol ordering
Relocatable symbols

STACK 00000000

Symbol: STACK
   Definitions
      At line 33 in file startup.s
   Uses
      None
Comment: STACK unused
Stack_Mem 00000000

Symbol: Stack_Mem
   Definitions
      At line 34 in file startup.s
   Uses
      None
Comment: Stack_Mem unused
__initial_sp 00000200

Symbol: __initial_sp
   Definitions
      At line 35 in file startup.s
   Uses
      At line 59 in file startup.s
      At line 308 in file startup.s

3 symbols



ARM Macro Assembler    Page 1 Alphabetic symbol ordering
Relocatable symbols

HEAP 00000000

Symbol: HEAP
   Definitions
      At line 44 in file startup.s
   Uses
      None
Comment: HEAP unused
Heap_Mem 00000000

Symbol: Heap_Mem
   Definitions
      At line 46 in file startup.s
   Uses
      None
Comment: Heap_Mem unused
__heap_base 00000000

Symbol: __heap_base
   Definitions
      At line 45 in file startup.s
   Uses
      At line 309 in file startup.s
Comment: __heap_base used once
__heap_limit 00000000

Symbol: __heap_limit
   Definitions
      At line 47 in file startup.s
   Uses
      At line 310 in file startup.s
Comment: __heap_limit used once
4 symbols



ARM Macro Assembler    Page 1 Alphabetic symbol ordering
Relocatable symbols

RESET 00000000

Symbol: RESET
   Definitions
      At line 56 in file startup.s
   Uses
      None
Comment: RESET unused
__Vectors 00000000

Symbol: __Vectors
   Definitions
      At line 59 in file startup.s
   Uses
      At line 57 in file startup.s
Comment: __Vectors used once
2 symbols



ARM Macro Assembler    Page 1 Alphabetic symbol ordering
Relocatable symbols

.ARM.__at_0x02FC 00000000

Symbol: .ARM.__at_0x02FC
   Definitions
      At line 115 in file startup.s
   Uses
      None
Comment: .ARM.__at_0x02FC unused
CRP_Key 00000000

Symbol: CRP_Key
   Definitions
      At line 116 in file startup.s
   Uses
      None
Comment: CRP_Key unused
2 symbols



ARM Macro Assembler    Page 1 Alphabetic symbol ordering
Relocatable symbols

.text 00000000

Symbol: .text
   Definitions
      At line 120 in file startup.s
   Uses
      None
Comment: .text unused
ADC_IRQHandler 000000BE

Symbol: ADC_IRQHandler
   Definitions
      At line 284 in file startup.s
   Uses
      At line 99 in file startup.s
      At line 248 in file startup.s

ADD_TO_R11 0000000C

Symbol: ADD_TO_R11
   Definitions
      At line 140 in file startup.s
   Uses
      At line 164 in file startup.s
Comment: ADD_TO_R11 used once
BOD_IRQHandler 000000BE

Symbol: BOD_IRQHandler
   Definitions
      At line 285 in file startup.s
   Uses
      At line 100 in file startup.s
      At line 249 in file startup.s

BusFault_Handler 000000B2

Symbol: BusFault_Handler
   Definitions
      At line 197 in file startup.s
   Uses
      At line 64 in file startup.s
      At line 198 in file startup.s

CANActivity_IRQHandler 000000BE

Symbol: CANActivity_IRQHandler
   Definitions
      At line 296 in file startup.s
   Uses
      At line 111 in file startup.s
      At line 260 in file startup.s

CAN_IRQHandler 000000BE

Symbol: CAN_IRQHandler
   Definitions
      At line 287 in file startup.s
   Uses
      At line 102 in file startup.s



ARM Macro Assembler    Page 2 Alphabetic symbol ordering
Relocatable symbols

      At line 251 in file startup.s

DMA_IRQHandler 000000BE

Symbol: DMA_IRQHandler
   Definitions
      At line 288 in file startup.s
   Uses
      At line 103 in file startup.s
      At line 252 in file startup.s

DebugMon_Handler 000000B8

Symbol: DebugMon_Handler
   Definitions
      At line 211 in file startup.s
   Uses
      At line 71 in file startup.s
      At line 212 in file startup.s

Default_Handler 000000BE

Symbol: Default_Handler
   Definitions
      At line 224 in file startup.s
   Uses
      None
Comment: Default_Handler unused
EINT0_IRQHandler 000000BE

Symbol: EINT0_IRQHandler
   Definitions
      At line 280 in file startup.s
   Uses
      At line 95 in file startup.s
      At line 244 in file startup.s

EINT1_IRQHandler 000000BE

Symbol: EINT1_IRQHandler
   Definitions
      At line 281 in file startup.s
   Uses
      At line 96 in file startup.s
      At line 245 in file startup.s

EINT2_IRQHandler 000000BE

Symbol: EINT2_IRQHandler
   Definitions
      At line 282 in file startup.s
   Uses
      At line 97 in file startup.s
      At line 246 in file startup.s

EINT3_IRQHandler 000000BE

Symbol: EINT3_IRQHandler
   Definitions



ARM Macro Assembler    Page 3 Alphabetic symbol ordering
Relocatable symbols

      At line 283 in file startup.s
   Uses
      At line 98 in file startup.s
      At line 247 in file startup.s

ENET_IRQHandler 000000BE

Symbol: ENET_IRQHandler
   Definitions
      At line 290 in file startup.s
   Uses
      At line 105 in file startup.s
      At line 254 in file startup.s

HardFault_Handler 000000AE

Symbol: HardFault_Handler
   Definitions
      At line 187 in file startup.s
   Uses
      At line 62 in file startup.s
      At line 188 in file startup.s

I2C0_IRQHandler 000000BE

Symbol: I2C0_IRQHandler
   Definitions
      At line 272 in file startup.s
   Uses
      At line 87 in file startup.s
      At line 236 in file startup.s

I2C1_IRQHandler 000000BE

Symbol: I2C1_IRQHandler
   Definitions
      At line 273 in file startup.s
   Uses
      At line 88 in file startup.s
      At line 237 in file startup.s

I2C2_IRQHandler 000000BE

Symbol: I2C2_IRQHandler
   Definitions
      At line 274 in file startup.s
   Uses
      At line 89 in file startup.s
      At line 238 in file startup.s

I2S_IRQHandler 000000BE

Symbol: I2S_IRQHandler
   Definitions
      At line 289 in file startup.s
   Uses
      At line 104 in file startup.s
      At line 253 in file startup.s




ARM Macro Assembler    Page 4 Alphabetic symbol ordering
Relocatable symbols

Ingredient_Calories 0000004C

Symbol: Ingredient_Calories
   Definitions
      At line 170 in file startup.s
   Uses
      At line 130 in file startup.s
Comment: Ingredient_Calories used once
Ingredient_Qty 0000007C

Symbol: Ingredient_Qty
   Definitions
      At line 173 in file startup.s
   Uses
      At line 131 in file startup.s
Comment: Ingredient_Qty used once
LOOP 00000006

Symbol: LOOP
   Definitions
      At line 135 in file startup.s
   Uses
      At line 154 in file startup.s
Comment: LOOP used once
MCPWM_IRQHandler 000000BE

Symbol: MCPWM_IRQHandler
   Definitions
      At line 292 in file startup.s
   Uses
      At line 107 in file startup.s
      At line 256 in file startup.s

MemManage_Handler 000000B0

Symbol: MemManage_Handler
   Definitions
      At line 192 in file startup.s
   Uses
      At line 63 in file startup.s
      At line 193 in file startup.s

NMI_Handler 000000AC

Symbol: NMI_Handler
   Definitions
      At line 182 in file startup.s
   Uses
      At line 61 in file startup.s
      At line 183 in file startup.s

PLL0_IRQHandler 000000BE

Symbol: PLL0_IRQHandler
   Definitions
      At line 278 in file startup.s
   Uses
      At line 93 in file startup.s
      At line 242 in file startup.s



ARM Macro Assembler    Page 5 Alphabetic symbol ordering
Relocatable symbols


PLL1_IRQHandler 000000BE

Symbol: PLL1_IRQHandler
   Definitions
      At line 294 in file startup.s
   Uses
      At line 109 in file startup.s
      At line 258 in file startup.s

PWM1_IRQHandler 000000BE

Symbol: PWM1_IRQHandler
   Definitions
      At line 271 in file startup.s
   Uses
      At line 86 in file startup.s
      At line 235 in file startup.s

PendSV_Handler 000000BA

Symbol: PendSV_Handler
   Definitions
      At line 215 in file startup.s
   Uses
      At line 73 in file startup.s
      At line 216 in file startup.s

QEI_IRQHandler 000000BE

Symbol: QEI_IRQHandler
   Definitions
      At line 293 in file startup.s
   Uses
      At line 108 in file startup.s
      At line 257 in file startup.s

RIT_IRQHandler 000000BE

Symbol: RIT_IRQHandler
   Definitions
      At line 291 in file startup.s
   Uses
      At line 106 in file startup.s
      At line 255 in file startup.s

RTC_IRQHandler 000000BE

Symbol: RTC_IRQHandler
   Definitions
      At line 279 in file startup.s
   Uses
      At line 94 in file startup.s
      At line 243 in file startup.s

Reset_Handler 00000000

Symbol: Reset_Handler
   Definitions



ARM Macro Assembler    Page 6 Alphabetic symbol ordering
Relocatable symbols

      At line 125 in file startup.s
   Uses
      At line 60 in file startup.s
      At line 126 in file startup.s
      At line 127 in file startup.s

SEARCH_EQUIVALENT_ID 00000038

Symbol: SEARCH_EQUIVALENT_ID
   Definitions
      At line 160 in file startup.s
   Uses
      At line 138 in file startup.s
      At line 167 in file startup.s

SPI_IRQHandler 000000BE

Symbol: SPI_IRQHandler
   Definitions
      At line 275 in file startup.s
   Uses
      At line 90 in file startup.s
      At line 239 in file startup.s

SSP0_IRQHandler 000000BE

Symbol: SSP0_IRQHandler
   Definitions
      At line 276 in file startup.s
   Uses
      At line 91 in file startup.s
      At line 240 in file startup.s

SSP1_IRQHandler 000000BE

Symbol: SSP1_IRQHandler
   Definitions
      At line 277 in file startup.s
   Uses
      At line 92 in file startup.s
      At line 241 in file startup.s

SVC_Handler 000000B6

Symbol: SVC_Handler
   Definitions
      At line 206 in file startup.s
   Uses
      At line 70 in file startup.s
      At line 207 in file startup.s

SysTick_Handler 000000BC

Symbol: SysTick_Handler
   Definitions
      At line 219 in file startup.s
   Uses
      At line 74 in file startup.s
      At line 220 in file startup.s



ARM Macro Assembler    Page 7 Alphabetic symbol ordering
Relocatable symbols


TIMER0_IRQHandler 000000BE

Symbol: TIMER0_IRQHandler
   Definitions
      At line 263 in file startup.s
   Uses
      At line 78 in file startup.s
      At line 227 in file startup.s

TIMER1_IRQHandler 000000BE

Symbol: TIMER1_IRQHandler
   Definitions
      At line 264 in file startup.s
   Uses
      At line 79 in file startup.s
      At line 228 in file startup.s

TIMER2_IRQHandler 000000BE

Symbol: TIMER2_IRQHandler
   Definitions
      At line 265 in file startup.s
   Uses
      At line 80 in file startup.s
      At line 229 in file startup.s

TIMER3_IRQHandler 000000BE

Symbol: TIMER3_IRQHandler
   Definitions
      At line 266 in file startup.s
   Uses
      At line 81 in file startup.s
      At line 230 in file startup.s

UART0_IRQHandler 000000BE

Symbol: UART0_IRQHandler
   Definitions
      At line 267 in file startup.s
   Uses
      At line 82 in file startup.s
      At line 231 in file startup.s

UART1_IRQHandler 000000BE

Symbol: UART1_IRQHandler
   Definitions
      At line 268 in file startup.s
   Uses
      At line 83 in file startup.s
      At line 232 in file startup.s

UART2_IRQHandler 000000BE

Symbol: UART2_IRQHandler
   Definitions



ARM Macro Assembler    Page 8 Alphabetic symbol ordering
Relocatable symbols

      At line 269 in file startup.s
   Uses
      At line 84 in file startup.s
      At line 233 in file startup.s

UART3_IRQHandler 000000BE

Symbol: UART3_IRQHandler
   Definitions
      At line 270 in file startup.s
   Uses
      At line 85 in file startup.s
      At line 234 in file startup.s

USBActivity_IRQHandler 000000BE

Symbol: USBActivity_IRQHandler
   Definitions
      At line 295 in file startup.s
   Uses
      At line 110 in file startup.s
      At line 259 in file startup.s

USB_IRQHandler 000000BE

Symbol: USB_IRQHandler
   Definitions
      At line 286 in file startup.s
   Uses
      At line 101 in file startup.s
      At line 250 in file startup.s

UsageFault_Handler 000000B4

Symbol: UsageFault_Handler
   Definitions
      At line 202 in file startup.s
   Uses
      At line 65 in file startup.s
      At line 203 in file startup.s

WDT_IRQHandler 000000BE

Symbol: WDT_IRQHandler
   Definitions
      At line 262 in file startup.s
   Uses
      At line 77 in file startup.s
      At line 226 in file startup.s

52 symbols



ARM Macro Assembler    Page 1 Alphabetic symbol ordering
Absolute symbols

Heap_Size 00000000

Symbol: Heap_Size
   Definitions
      At line 42 in file startup.s
   Uses
      At line 46 in file startup.s
Comment: Heap_Size used once
Stack_Size 00000200

Symbol: Stack_Size
   Definitions
      At line 31 in file startup.s
   Uses
      At line 34 in file startup.s
Comment: Stack_Size used once
2 symbols
402 symbols in table
